<?xml version="1.0" encoding="UTF-8"?>
<!-- Generated by org.testng.reporters.JUnitXMLReporter -->
<testsuite hostname="Shashanks-MBP.home" ignored="1" name="Default test" tests="1" failures="0" timestamp="13 Jun 2021 01:05:50 GMT" time="2.477" errors="0">
  <testcase name="getAllUserListAPITest" time="2.461" classname="com.qa.api.gorest.tests.GetUserTest"/>
  <testcase name="getUserWithQueryParamsAPITest" time="0.0" classname="com.qa.api.gorest.tests.GetUserTest">
    <ignored/>
  </testcase> <!-- getUserWithQueryParamsAPITest -->
</testsuite> <!-- Default test -->
