<?xml version="1.0" encoding="UTF-8"?>
<testng-results skipped="0" failed="0" ignored="1" total="2" passed="1">
  <reporter-output>
  </reporter-output>
  <suite name="Default suite" duration-ms="2477" started-at="2021-06-13T01:05:48Z" finished-at="2021-06-13T01:05:50Z">
    <groups>
    </groups>
    <test name="Default test" duration-ms="2477" started-at="2021-06-13T01:05:48Z" finished-at="2021-06-13T01:05:50Z">
      <class name="com.qa.api.gorest.tests.GetUserTest">
        <test-method status="PASS" signature="getAllUserListAPITest()[pri:1, instance:com.qa.api.gorest.tests.GetUserTest@371a67ec]" name="getAllUserListAPITest" duration-ms="2461" started-at="2021-06-13T01:05:48Z" finished-at="2021-06-13T01:05:50Z">
          <reporter-output>
          </reporter-output>
        </test-method> <!-- getAllUserListAPITest -->
      </class> <!-- com.qa.api.gorest.tests.GetUserTest -->
    </test> <!-- Default test -->
  </suite> <!-- Default suite -->
</testng-results>
